-------------- 1 minutes ---------------
Total successes: 70
-----critical error-----
{ [Error: read ECONNRESET] code: 'ECONNRESET', errno: 'ECONNRESET', syscall: 'read' }
-------------- 2 minutes ---------------
Total successes: 191
-----critical error-----
{ [Error: read ECONNRESET] code: 'ECONNRESET', errno: 'ECONNRESET', syscall: 'read' }
-----critical error-----
{ [Error: read ECONNRESET] code: 'ECONNRESET', errno: 'ECONNRESET', syscall: 'read' }
-------------- 3 minutes ---------------
Total successes: 262
-------------- 4 minutes ---------------
Total successes: 367
-----critical error-----
{ [Error: read ECONNRESET] code: 'ECONNRESET', errno: 'ECONNRESET', syscall: 'read' }
-----critical error-----
{ [Error: read ECONNRESET] code: 'ECONNRESET', errno: 'ECONNRESET', syscall: 'read' }
-------------- 5 minutes ---------------
Total successes: 468
-----critical error-----
{ [Error: read ECONNRESET] code: 'ECONNRESET', errno: 'ECONNRESET', syscall: 'read' }
-----critical error-----
{ [Error: read ECONNRESET] code: 'ECONNRESET', errno: 'ECONNRESET', syscall: 'read' }
-----critical error-----
{ [Error: read ECONNRESET] code: 'ECONNRESET', errno: 'ECONNRESET', syscall: 'read' }
-----critical error-----
{ [Error: read ECONNRESET] code: 'ECONNRESET', errno: 'ECONNRESET', syscall: 'read' }
-----critical error-----
{ [Error: read ECONNRESET] code: 'ECONNRESET', errno: 'ECONNRESET', syscall: 'read' }
-------------- 6 minutes ---------------
Total successes: 568
-----critical error-----
{ [Error: read ECONNRESET] code: 'ECONNRESET', errno: 'ECONNRESET', syscall: 'read' }
-----critical error-----
{ [Error: read ECONNRESET] code: 'ECONNRESET', errno: 'ECONNRESET', syscall: 'read' }
-------------- 7 minutes ---------------
Total successes: 676
-----critical error-----
{ [Error: read ECONNRESET] code: 'ECONNRESET', errno: 'ECONNRESET', syscall: 'read' }
-----critical error-----
{ [Error: read ECONNRESET] code: 'ECONNRESET', errno: 'ECONNRESET', syscall: 'read' }
-------------- 8 minutes ---------------
Total successes: 789
-----critical error-----
{ [Error: read ECONNRESET] code: 'ECONNRESET', errno: 'ECONNRESET', syscall: 'read' }
-----critical error-----
{ [Error: read ECONNRESET] code: 'ECONNRESET', errno: 'ECONNRESET', syscall: 'read' }
-----critical error-----
{ [Error: read ECONNRESET] code: 'ECONNRESET', errno: 'ECONNRESET', syscall: 'read' }
-----critical error-----
{ [Error: read ECONNRESET] code: 'ECONNRESET', errno: 'ECONNRESET', syscall: 'read' }
-------------- 9 minutes ---------------
Total successes: 900
-----critical error-----
{ [Error: read ECONNRESET] code: 'ECONNRESET', errno: 'ECONNRESET', syscall: 'read' }
-----critical error-----
{ [Error: read ECONNRESET] code: 'ECONNRESET', errno: 'ECONNRESET', syscall: 'read' }
-----critical error-----
{ [Error: read ECONNRESET] code: 'ECONNRESET', errno: 'ECONNRESET', syscall: 'read' }
-----critical error-----
{ [Error: read ECONNRESET] code: 'ECONNRESET', errno: 'ECONNRESET', syscall: 'read' }
-----critical error-----
{ [Error: read ECONNRESET] code: 'ECONNRESET', errno: 'ECONNRESET', syscall: 'read' }
-----critical error-----
{ [Error: read ECONNRESET] code: 'ECONNRESET', errno: 'ECONNRESET', syscall: 'read' }
-------------- 10 minutes ---------------
Total successes: 1022
-----critical error-----
{ [Error: read ECONNRESET] code: 'ECONNRESET', errno: 'ECONNRESET', syscall: 'read' }
-----critical error-----
{ [Error: read ECONNRESET] code: 'ECONNRESET', errno: 'ECONNRESET', syscall: 'read' }
-----critical error-----
{ [Error: read ECONNRESET] code: 'ECONNRESET', errno: 'ECONNRESET', syscall: 'read' }
-------------- 11 minutes ---------------
Total successes: 1122
-----critical error-----
{ [Error: read ECONNRESET] code: 'ECONNRESET', errno: 'ECONNRESET', syscall: 'read' }
-----critical error-----
{ [Error: read ECONNRESET] code: 'ECONNRESET', errno: 'ECONNRESET', syscall: 'read' }
-----critical error-----
{ [Error: read ECONNRESET] code: 'ECONNRESET', errno: 'ECONNRESET', syscall: 'read' }
-------------- 12 minutes ---------------
Total successes: 1251
-----critical error-----
{ [Error: read ECONNRESET] code: 'ECONNRESET', errno: 'ECONNRESET', syscall: 'read' }
-----critical error-----
{ [Error: read ECONNRESET] code: 'ECONNRESET', errno: 'ECONNRESET', syscall: 'read' }
-----critical error-----
{ [Error: read ECONNRESET] code: 'ECONNRESET', errno: 'ECONNRESET', syscall: 'read' }
-------------- 13 minutes ---------------
Total successes: 1295
-----critical error-----
{ [Error: read ECONNRESET] code: 'ECONNRESET', errno: 'ECONNRESET', syscall: 'read' }
-----critical error-----
{ [Error: read ECONNRESET] code: 'ECONNRESET', errno: 'ECONNRESET', syscall: 'read' }
-----critical error-----
{ [Error: read ECONNRESET] code: 'ECONNRESET', errno: 'ECONNRESET', syscall: 'read' }
-----critical error-----
{ [Error: read ECONNRESET] code: 'ECONNRESET', errno: 'ECONNRESET', syscall: 'read' }
-----critical error-----
{ [Error: read ECONNRESET] code: 'ECONNRESET', errno: 'ECONNRESET', syscall: 'read' }
(node) warning: Recursive process.nextTick detected. This will break in the next version of node. Please use setImmediate for recursive deferral.
(node) warning: Recursive process.nextTick detected. This will break in the next version of node. Please use setImmediate for recursive deferral.
(node) warning: Recursive process.nextTick detected. This will break in the next version of node. Please use setImmediate for recursive deferral.
(node) warning: Recursive process.nextTick detected. This will break in the next version of node. Please use setImmediate for recursive deferral.
(node) warning: Recursive process.nextTick detected. This will break in the next version of node. Please use setImmediate for recursive deferral.
(node) warning: Recursive process.nextTick detected. This will break in the next version of node. Please use setImmediate for recursive deferral.
(node) warning: Recursive process.nextTick detected. This will break in the next version of node. Please use setImmediate for recursive deferral.
(node) warning: Recursive process.nextTick detected. This will break in the next version of node. Please use setImmediate for recursive deferral.
(node) warning: Recursive process.nextTick detected. This will break in the next version of node. Please use setImmediate for recursive deferral.
(node) warning: Recursive process.nextTick detected. This will break in the next version of node. Please use setImmediate for recursive deferral.
(node) warning: Recursive process.nextTick detected. This will break in the next version of node. Please use setImmediate for recursive deferral.
(node) warning: Recursive process.nextTick detected. This will break in the next version of node. Please use setImmediate for recursive deferral.
(node) warning: Recursive process.nextTick detected. This will break in the next version of node. Please use setImmediate for recursive deferral.
(node) warning: Recursive process.nextTick detected. This will break in the next version of node. Please use setImmediate for recursive deferral.
(node) warning: Recursive process.nextTick detected. This will break in the next version of node. Please use setImmediate for recursive deferral.
(node) warning: Recursive process.nextTick detected. This will break in the next version of node. Please use setImmediate for recursive deferral.
(node) warning: Recursive process.nextTick detected. This will break in the next version of node. Please use setImmediate for recursive deferral.
(node) warning: Recursive process.nextTick detected. This will break in the next version of node. Please use setImmediate for recursive deferral.
(node) warning: Recursive process.nextTick detected. This will break in the next version of node. Please use setImmediate for recursive deferral.
(node) warning: Recursive process.nextTick detected. This will break in the next version of node. Please use setImmediate for recursive deferral.
(node) warning: Recursive process.nextTick detected. This will break in the next version of node. Please use setImmediate for recursive deferral.
(node) warning: Recursive process.nextTick detected. This will break in the next version of node. Please use setImmediate for recursive deferral.
(node) warning: Recursive process.nextTick detected. This will break in the next version of node. Please use setImmediate for recursive deferral.
(node) warning: Recursive process.nextTick detected. This will break in the next version of node. Please use setImmediate for recursive deferral.
(node) warning: Recursive process.nextTick detected. This will break in the next version of node. Please use setImmediate for recursive deferral.
(node) warning: Recursive process.nextTick detected. This will break in the next version of node. Please use setImmediate for recursive deferral.
(node) warning: Recursive process.nextTick detected. This will break in the next version of node. Please use setImmediate for recursive deferral.
(node) warning: Recursive process.nextTick detected. This will break in the next version of node. Please use setImmediate for recursive deferral.
(node) warning: Recursive process.nextTick detected. This will break in the next version of node. Please use setImmediate for recursive deferral.
(node) warning: Recursive process.nextTick detected. This will break in the next version of node. Please use setImmediate for recursive deferral.
(node) warning: Recursive process.nextTick detected. This will break in the next version of node. Please use setImmediate for recursive deferral.
(node) warning: Recursive process.nextTick detected. This will break in the next version of node. Please use setImmediate for recursive deferral.
(node) warning: Recursive process.nextTick detected. This will break in the next version of node. Please use setImmediate for recursive deferral.
(node) warning: Recursive process.nextTick detected. This will break in the next version of node. Please use setImmediate for recursive deferral.
(node) warning: Recursive process.nextTick detected. This will break in the next version of node. Please use setImmediate for recursive deferral.
(node) warning: Recursive process.nextTick detected. This will break in the next version of node. Please use setImmediate for recursive deferral.
(node) warning: Recursive process.nextTick detected. This will break in the next version of node. Please use setImmediate for recursive deferral.
(node) warning: Recursive process.nextTick detected. This will break in the next version of node. Please use setImmediate for recursive deferral.
(node) warning: Recursive process.nextTick detected. This will break in the next version of node. Please use setImmediate for recursive deferral.
(node) warning: Recursive process.nextTick detected. This will break in the next version of node. Please use setImmediate for recursive deferral.
(node) warning: Recursive process.nextTick detected. This will break in the next version of node. Please use setImmediate for recursive deferral.
(node) warning: Recursive process.nextTick detected. This will break in the next version of node. Please use setImmediate for recursive deferral.
(node) warning: Recursive process.nextTick detected. This will break in the next version of node. Please use setImmediate for recursive deferral.
(node) warning: Recursive process.nextTick detected. This will break in the next version of node. Please use setImmediate for recursive deferral.
(node) warning: Recursive process.nextTick detected. This will break in the next version of node. Please use setImmediate for recursive deferral.
(node) warning: Recursive process.nextTick detected. This will break in the next version of node. Please use setImmediate for recursive deferral.
(node) warning: Recursive process.nextTick detected. This will break in the next version of node. Please use setImmediate for recursive deferral.
(node) warning: Recursive process.nextTick detected. This will break in the next version of node. Please use setImmediate for recursive deferral.
(node) warning: Recursive process.nextTick detected. This will break in the next version of node. Please use setImmediate for recursive deferral.
(node) warning: Recursive process.nextTick detected. This will break in the next version of node. Please use setImmediate for recursive deferral.
(node) warning: Recursive process.nextTick detected. This will break in the next version of node. Please use setImmediate for recursive deferral.
(node) warning: Recursive process.nextTick detected. This will break in the next version of node. Please use setImmediate for recursive deferral.
(node) warning: Recursive process.nextTick detected. This will break in the next version of node. Please use setImmediate for recursive deferral.
(node) warning: Recursive process.nextTick detected. This will break in the next version of node. Please use setImmediate for recursive deferral.
(node) warning: Recursive process.nextTick detected. This will break in the next version of node. Please use setImmediate for recursive deferral.
(node) warning: Recursive process.nextTick detected. This will break in the next version of node. Please use setImmediate for recursive deferral.
(node) warning: Recursive process.nextTick detected. This will break in the next version of node. Please use setImmediate for recursive deferral.
(node) warning: Recursive process.nextTick detected. This will break in the next version of node. Please use setImmediate for recursive deferral.
(node) warning: Recursive process.nextTick detected. This will break in the next version of node. Please use setImmediate for recursive deferral.
(node) warning: Recursive process.nextTick detected. This will break in the next version of node. Please use setImmediate for recursive deferral.
(node) warning: Recursive process.nextTick detected. This will break in the next version of node. Please use setImmediate for recursive deferral.
(node) warning: Recursive process.nextTick detected. This will break in the next version of node. Please use setImmediate for recursive deferral.
(node) warning: Recursive process.nextTick detected. This will break in the next version of node. Please use setImmediate for recursive deferral.
(node) warning: Recursive process.nextTick detected. This will break in the next version of node. Please use setImmediate for recursive deferral.
(node) warning: Recursive process.nextTick detected. This will break in the next version of node. Please use setImmediate for recursive deferral.
(node) warning: Recursive process.nextTick detected. This will break in the next version of node. Please use setImmediate for recursive deferral.
(node) warning: Recursive process.nextTick detected. This will break in the next version of node. Please use setImmediate for recursive deferral.
(node) warning: Recursive process.nextTick detected. This will break in the next version of node. Please use setImmediate for recursive deferral.
(node) warning: Recursive process.nextTick detected. This will break in the next version of node. Please use setImmediate for recursive deferral.
(node) warning: Recursive process.nextTick detected. This will break in the next version of node. Please use setImmediate for recursive deferral.
(node) warning: Recursive process.nextTick detected. This will break in the next version of node. Please use setImmediate for recursive deferral.
(node) warning: Recursive process.nextTick detected. This will break in the next version of node. Please use setImmediate for recursive deferral.
(node) warning: Recursive process.nextTick detected. This will break in the next version of node. Please use setImmediate for recursive deferral.
(node) warning: Recursive process.nextTick detected. This will break in the next version of node. Please use setImmediate for recursive deferral.
(node) warning: Recursive process.nextTick detected. This will break in the next version of node. Please use setImmediate for recursive deferral.
(node) warning: Recursive process.nextTick detected. This will break in the next version of node. Please use setImmediate for recursive deferral.
(node) warning: Recursive process.nextTick detected. This will break in the next version of node. Please use setImmediate for recursive deferral.
(node) warning: Recursive process.nextTick detected. This will break in the next version of node. Please use setImmediate for recursive deferral.
(node) warning: Recursive process.nextTick detected. This will break in the next version of node. Please use setImmediate for recursive deferral.
(node) warning: Recursive process.nextTick detected. This will break in the next version of node. Please use setImmediate for recursive deferral.
(node) warning: Recursive process.nextTick detected. This will break in the next version of node. Please use setImmediate for recursive deferral.
(node) warning: Recursive process.nextTick detected. This will break in the next version of node. Please use setImmediate for recursive deferral.
(node) warning: Recursive process.nextTick detected. This will break in the next version of node. Please use setImmediate for recursive deferral.
(node) warning: Recursive process.nextTick detected. This will break in the next version of node. Please use setImmediate for recursive deferral.
(node) warning: Recursive process.nextTick detected. This will break in the next version of node. Please use setImmediate for recursive deferral.
(node) warning: Recursive process.nextTick detected. This will break in the next version of node. Please use setImmediate for recursive deferral.
(node) warning: Recursive process.nextTick detected. This will break in the next version of node. Please use setImmediate for recursive deferral.
(node) warning: Recursive process.nextTick detected. This will break in the next version of node. Please use setImmediate for recursive deferral.
(node) warning: Recursive process.nextTick detected. This will break in the next version of node. Please use setImmediate for recursive deferral.
(node) warning: Recursive process.nextTick detected. This will break in the next version of node. Please use setImmediate for recursive deferral.
(node) warning: Recursive process.nextTick detected. This will break in the next version of node. Please use setImmediate for recursive deferral.
(node) warning: Recursive process.nextTick detected. This will break in the next version of node. Please use setImmediate for recursive deferral.
(node) warning: Recursive process.nextTick detected. This will break in the next version of node. Please use setImmediate for recursive deferral.
(node) warning: Recursive process.nextTick detected. This will break in the next version of node. Please use setImmediate for recursive deferral.
(node) warning: Recursive process.nextTick detected. This will break in the next version of node. Please use setImmediate for recursive deferral.
(node) warning: Recursive process.nextTick detected. This will break in the next version of node. Please use setImmediate for recursive deferral.
(node) warning: Recursive process.nextTick detected. This will break in the next version of node. Please use setImmediate for recursive deferral.
(node) warning: Recursive process.nextTick detected. This will break in the next version of node. Please use setImmediate for recursive deferral.
(node) warning: Recursive process.nextTick detected. This will break in the next version of node. Please use setImmediate for recursive deferral.
(node) warning: Recursive process.nextTick detected. This will break in the next version of node. Please use setImmediate for recursive deferral.
(node) warning: Recursive process.nextTick detected. This will break in the next version of node. Please use setImmediate for recursive deferral.
(node) warning: Recursive process.nextTick detected. This will break in the next version of node. Please use setImmediate for recursive deferral.
(node) warning: Recursive process.nextTick detected. This will break in the next version of node. Please use setImmediate for recursive deferral.
(node) warning: Recursive process.nextTick detected. This will break in the next version of node. Please use setImmediate for recursive deferral.
(node) warning: Recursive process.nextTick detected. This will break in the next version of node. Please use setImmediate for recursive deferral.
(node) warning: Recursive process.nextTick detected. This will break in the next version of node. Please use setImmediate for recursive deferral.
(node) warning: Recursive process.nextTick detected. This will break in the next version of node. Please use setImmediate for recursive deferral.
(node) warning: Recursive process.nextTick detected. This will break in the next version of node. Please use setImmediate for recursive deferral.
(node) warning: Recursive process.nextTick detected. This will break in the next version of node. Please use setImmediate for recursive deferral.
(node) warning: Recursive process.nextTick detected. This will break in the next version of node. Please use setImmediate for recursive deferral.
(node) warning: Recursive process.nextTick detected. This will break in the next version of node. Please use setImmediate for recursive deferral.
(node) warning: Recursive process.nextTick detected. This will break in the next version of node. Please use setImmediate for recursive deferral.
(node) warning: Recursive process.nextTick detected. This will break in the next version of node. Please use setImmediate for recursive deferral.
(node) warning: Recursive process.nextTick detected. This will break in the next version of node. Please use setImmediate for recursive deferral.
(node) warning: Recursive process.nextTick detected. This will break in the next version of node. Please use setImmediate for recursive deferral.
(node) warning: Recursive process.nextTick detected. This will break in the next version of node. Please use setImmediate for recursive deferral.
(node) warning: Recursive process.nextTick detected. This will break in the next version of node. Please use setImmediate for recursive deferral.
(node) warning: Recursive process.nextTick detected. This will break in the next version of node. Please use setImmediate for recursive deferral.
(node) warning: Recursive process.nextTick detected. This will break in the next version of node. Please use setImmediate for recursive deferral.
(node) warning: Recursive process.nextTick detected. This will break in the next version of node. Please use setImmediate for recursive deferral.
(node) warning: Recursive process.nextTick detected. This will break in the next version of node. Please use setImmediate for recursive deferral.
(node) warning: Recursive process.nextTick detected. This will break in the next version of node. Please use setImmediate for recursive deferral.
(node) warning: Recursive process.nextTick detected. This will break in the next version of node. Please use setImmediate for recursive deferral.
(node) warning: Recursive process.nextTick detected. This will break in the next version of node. Please use setImmediate for recursive deferral.
(node) warning: Recursive process.nextTick detected. This will break in the next version of node. Please use setImmediate for recursive deferral.
(node) warning: Recursive process.nextTick detected. This will break in the next version of node. Please use setImmediate for recursive deferral.
(node) warning: Recursive process.nextTick detected. This will break in the next version of node. Please use setImmediate for recursive deferral.
(node) warning: Recursive process.nextTick detected. This will break in the next version of node. Please use setImmediate for recursive deferral.
(node) warning: Recursive process.nextTick detected. This will break in the next version of node. Please use setImmediate for recursive deferral.
(node) warning: Recursive process.nextTick detected. This will break in the next version of node. Please use setImmediate for recursive deferral.
(node) warning: Recursive process.nextTick detected. This will break in the next version of node. Please use setImmediate for recursive deferral.
(node) warning: Recursive process.nextTick detected. This will break in the next version of node. Please use setImmediate for recursive deferral.
(node) warning: Recursive process.nextTick detected. This will break in the next version of node. Please use setImmediate for recursive deferral.
(node) warning: Recursive process.nextTick detected. This will break in the next version of node. Please use setImmediate for recursive deferral.
(node) warning: Recursive process.nextTick detected. This will break in the next version of node. Please use setImmediate for recursive deferral.
(node) warning: Recursive process.nextTick detected. This will break in the next version of node. Please use setImmediate for recursive deferral.
(node) warning: Recursive process.nextTick detected. This will break in the next version of node. Please use setImmediate for recursive deferral.
(node) warning: Recursive process.nextTick detected. This will break in the next version of node. Please use setImmediate for recursive deferral.
(node) warning: Recursive process.nextTick detected. This will break in the next version of node. Please use setImmediate for recursive deferral.
(node) warning: Recursive process.nextTick detected. This will break in the next version of node. Please use setImmediate for recursive deferral.
(node) warning: Recursive process.nextTick detected. This will break in the next version of node. Please use setImmediate for recursive deferral.
(node) warning: Recursive process.nextTick detected. This will break in the next version of node. Please use setImmediate for recursive deferral.
(node) warning: Recursive process.nextTick detected. This will break in the next version of node. Please use setImmediate for recursive deferral.
(node) warning: Recursive process.nextTick detected. This will break in the next version of node. Please use setImmediate for recursive deferral.
(node) warning: Recursive process.nextTick detected. This will break in the next version of node. Please use setImmediate for recursive deferral.
(node) warning: Recursive process.nextTick detected. This will break in the next version of node. Please use setImmediate for recursive deferral.
(node) warning: Recursive process.nextTick detected. This will break in the next version of node. Please use setImmediate for recursive deferral.
(node) warning: Recursive process.nextTick detected. This will break in the next version of node. Please use setImmediate for recursive deferral.
(node) warning: Recursive process.nextTick detected. This will break in the next version of node. Please use setImmediate for recursive deferral.
(node) warning: Recursive process.nextTick detected. This will break in the next version of node. Please use setImmediate for recursive deferral.
(node) warning: Recursive process.nextTick detected. This will break in the next version of node. Please use setImmediate for recursive deferral.
(node) warning: Recursive process.nextTick detected. This will break in the next version of node. Please use setImmediate for recursive deferral.
(node) warning: Recursive process.nextTick detected. This will break in the next version of node. Please use setImmediate for recursive deferral.
(node) warning: Recursive process.nextTick detected. This will break in the next version of node. Please use setImmediate for recursive deferral.
(node) warning: Recursive process.nextTick detected. This will break in the next version of node. Please use setImmediate for recursive deferral.
(node) warning: Recursive process.nextTick detected. This will break in the next version of node. Please use setImmediate for recursive deferral.
(node) warning: Recursive process.nextTick detected. This will break in the next version of node. Please use setImmediate for recursive deferral.
(node) warning: Recursive process.nextTick detected. This will break in the next version of node. Please use setImmediate for recursive deferral.
(node) warning: Recursive process.nextTick detected. This will break in the next version of node. Please use setImmediate for recursive deferral.
(node) warning: Recursive process.nextTick detected. This will break in the next version of node. Please use setImmediate for recursive deferral.
(node) warning: Recursive process.nextTick detected. This will break in the next version of node. Please use setImmediate for recursive deferral.
(node) warning: Recursive process.nextTick detected. This will break in the next version of node. Please use setImmediate for recursive deferral.
(node) warning: Recursive process.nextTick detected. This will break in the next version of node. Please use setImmediate for recursive deferral.
(node) warning: Recursive process.nextTick detected. This will break in the next version of node. Please use setImmediate for recursive deferral.
(node) warning: Recursive process.nextTick detected. This will break in the next version of node. Please use setImmediate for recursive deferral.
(node) warning: Recursive process.nextTick detected. This will break in the next version of node. Please use setImmediate for recursive deferral.
(node) warning: Recursive process.nextTick detected. This will break in the next version of node. Please use setImmediate for recursive deferral.
(node) warning: Recursive process.nextTick detected. This will break in the next version of node. Please use setImmediate for recursive deferral.
(node) warning: Recursive process.nextTick detected. This will break in the next version of node. Please use setImmediate for recursive deferral.
(node) warning: Recursive process.nextTick detected. This will break in the next version of node. Please use setImmediate for recursive deferral.
(node) warning: Recursive process.nextTick detected. This will break in the next version of node. Please use setImmediate for recursive deferral.
(node) warning: Recursive process.nextTick detected. This will break in the next version of node. Please use setImmediate for recursive deferral.
(node) warning: Recursive process.nextTick detected. This will break in the next version of node. Please use setImmediate for recursive deferral.
(node) warning: Recursive process.nextTick detected. This will break in the next version of node. Please use setImmediate for recursive deferral.
(node) warning: Recursive process.nextTick detected. This will break in the next version of node. Please use setImmediate for recursive deferral.
(node) warning: Recursive process.nextTick detected. This will break in the next version of node. Please use setImmediate for recursive deferral.
(node) warning: Recursive process.nextTick detected. This will break in the next version of node. Please use setImmediate for recursive deferral.
(node) warning: Recursive process.nextTick detected. This will break in the next version of node. Please use setImmediate for recursive deferral.
(node) warning: Recursive process.nextTick detected. This will break in the next version of node. Please use setImmediate for recursive deferral.
(node) warning: Recursive process.nextTick detected. This will break in the next version of node. Please use setImmediate for recursive deferral.
(node) warning: Recursive process.nextTick detected. This will break in the next version of node. Please use setImmediate for recursive deferral.
(node) warning: Recursive process.nextTick detected. This will break in the next version of node. Please use setImmediate for recursive deferral.
(node) warning: Recursive process.nextTick detected. This will break in the next version of node. Please use setImmediate for recursive deferral.
(node) warning: Recursive process.nextTick detected. This will break in the next version of node. Please use setImmediate for recursive deferral.
(node) warning: Recursive process.nextTick detected. This will break in the next version of node. Please use setImmediate for recursive deferral.
(node) warning: Recursive process.nextTick detected. This will break in the next version of node. Please use setImmediate for recursive deferral.
(node) warning: Recursive process.nextTick detected. This will break in the next version of node. Please use setImmediate for recursive deferral.
(node) warning: Recursive process.nextTick detected. This will break in the next version of node. Please use setImmediate for recursive deferral.
(node) warning: Recursive process.nextTick detected. This will break in the next version of node. Please use setImmediate for recursive deferral.
(node) warning: Recursive process.nextTick detected. This will break in the next version of node. Please use setImmediate for recursive deferra