-------------- 1 minutes ---------------
Total successes: 100
-------------- 2 minutes ---------------
Total successes: 193
-----critical error-----
{ [Error: read ECONNRESET] code: 'ECONNRESET', errno: 'ECONNRESET', syscall: 'read' }
-----critical error-----
{ [Error: read ECONNRESET] code: 'ECONNRESET', errno: 'ECONNRESET', syscall: 'read' }
-----critical error-----
{ [Error: read ECONNRESET] code: 'ECONNRESET', errno: 'ECONNRESET', syscall: 'read' }
-----critical error-----
{ [Error: read ECONNRESET] code: 'ECONNRESET', errno: 'ECONNRESET', syscall: 'read' }
-------------- 3 minutes ---------------
Total successes: 313
-----critical error-----
{ [Error: read ECONNRESET] code: 'ECONNRESET', errno: 'ECONNRESET', syscall: 'read' }
-----critical error-----
{ [Error: read ECONNRESET] code: 'ECONNRESET', errno: 'ECONNRESET', syscall: 'read' }
-----critical error-----
{ [Error: read ECONNRESET] code: 'ECONNRESET', errno: 'ECONNRESET', syscall: 'read' }
-------------- 4 minutes ---------------
Total successes: 412
-------------- 5 minutes ---------------
Total successes: 499
-----critical error-----
{ [Error: read ECONNRESET] code: 'ECONNRESET', errno: 'ECONNRESET', syscall: 'read' }
-------------- 6 minutes ---------------
Total successes: 634
-----critical error-----
{ [Error: read ECONNRESET] code: 'ECONNRESET', errno: 'ECONNRESET', syscall: 'read' }
-----critical error-----
{ [Error: read ECONNRESET] code: 'ECONNRESET', errno: 'ECONNRESET', syscall: 'read' }
-----critical error-----
{ [Error: read ECONNRESET] code: 'ECONNRESET', errno: 'ECONNRESET', syscall: 'read' }
-----critical error-----
{ [Error: read ECONNRESET] code: 'ECONNRESET', errno: 'ECONNRESET', syscall: 'read' }
-------------- 7 minutes ---------------
Total successes: 733
-----critical error-----
{ [Error: read ECONNRESET] code: 'ECONNRESET', errno: 'ECONNRESET', syscall: 'read' }
-----critical error-----
{ [Error: read ECONNRESET] code: 'ECONNRESET', errno: 'ECONNRESET', syscall: 'read' }
-----critical error-----
{ [Error: read ECONNRESET] code: 'ECONNRESET', errno: 'ECONNRESET', syscall: 'read' }
-----critical error-----
{ [Error: read ECONNRESET] code: 'ECONNRESET', errno: 'ECONNRESET', syscall: 'read' }
-----critical error-----
{ [Error: read ECONNRESET] code: 'ECONNRESET', errno: 'ECONNRESET', syscall: 'read' }
-----critical error-----
{ [Error: read ECONNRESET] code: 'ECONNRESET', errno: 'ECONNRESET', syscall: 'read' }
-----critical error-----
{ [Error: read ECONNRESET] code: 'ECONNRESET', errno: 'ECONNRESET', syscall: 'read' }
-----critical error-----
{ [Error: read ECONNRESET] code: 'ECONNRESET', errno: 'ECONNRESET', syscall: 'read' }
-----critical error-----
{ [Error: read ECONNRESET] code: 'ECONNRESET', errno: 'ECONNRESET', syscall: 'read' }
-----critical error-----
{ [Error: read ECONNRESET] code: 'ECONNRESET', errno: 'ECONNRESET', syscall: 'read' }
-------------- 8 minutes ---------------
Total successes: 858
-----critical error-----
{ [Error: read ECONNRESET] code: 'ECONNRESET', errno: 'ECONNRESET', syscall: 'read' }
-----critical error-----
{ [Error: read ECONNRESET] code: 'ECONNRESET', errno: 'ECONNRESET', syscall: 'read' }
-----critical error-----
{ [Error: read ECONNRESET] code: 'ECONNRESET', errno: 'ECONNRESET', syscall: 'read' }
-----critical error-----
{ [Error: read ECONNRESET] code: 'ECONNRESET', errno: 'ECONNRESET', syscall: 'read' }
-----critical error-----
{ [Error: read ECONNRESET] code: 'ECONNRESET', errno: 'ECONNRESET', syscall: 'read' }
-------------- 9 minutes ---------------
Total successes: 968
-----critical error-----
{ [Error: read ECONNRESET] code: 'ECONNRESET', errno: 'ECONNRESET', syscall: 'read' }
-----critical error-----
{ [Error: read ECONNRESET] code: 'ECONNRESET', errno: 'ECONNRESET', syscall: 'read' }
-----critical error-----
{ [Error: read ECONNRESET] code: 'ECONNRESET', errno: 'ECONNRESET', syscall: 'read' }
-----critical error-----
{ [Error: read ECONNRESET] code: 'ECONNRESET', errno: 'ECONNRESET', syscall: 'read' }
-----critical error-----
{ [Error: read ECONNRESET] code: 'ECONNRESET', errno: 'ECONNRESET', syscall: 'read' }
-------------- 10 minutes ---------------
Total successes: 1088
-----critical error-----
{ [Error: read ECONNRESET] code: 'ECONNRESET', errno: 'ECONNRESET', syscall: 'read' }
-----critical error-----
{ [Error: read ECONNRESET] code: 'ECONNRESET', errno: 'ECONNRESET', syscall: 'read' }
-----critical error-----
{ [Error: read ECONNRESET] code: 'ECONNRESET', errno: 'ECONNRESET', syscall: 'read' }
-------------- 11 minutes ---------------
Total successes: 1146
-----critical error-----
{ [Error: read ECONNRESET] code: 'ECONNRESET', errno: 'ECONNRESET', syscall: 'read' }
-----critical error-----
{ [Error: read ECONNRESET] code: 'ECONNRESET', errno: 'ECONNRESET', syscall: 'read' }
-----critical error-----
{ [Error: read ECONNRESET] code: 'ECONNRESET', errno: 'ECONNRESET', syscall: 'read' }
-----critical error-----
{ [Error: read ECONNRESET] code: 'ECONNRESET', errno: 'ECONNRESET', syscall: 'read' }
-----critical error-----
{ [Error: read ECONNRESET] code: 'ECONNRESET', errno: 'ECONNRESET', syscall: 'read' }
-----critical error-----
{ [Error: read ECONNRESET] code: 'ECONNRESET', errno: 'ECONNRESET', syscall: 'read' }
-------------- 12 minutes ---------------
Total successes: 1157
-----critical error-----
{ [Error: read ECONNRESET] code: 'ECONNRESET', errno: 'ECONNRESET', syscall: 'read' }
(node) warning: Recursive process.nextTick detected. This will break in the next version of node. Please use setImmediate for recursive deferral.
(node) warning: Recursive process.nextTick detected. This will break in the next version of node. Please use setImmediate for recursive deferral.
(node) warning: Recursive process.nextTick detected. This will break in the next version of node. Please use setImmediate for recursive deferral.
(node) warning: Recursive process.nextTick detected. This will break in the next version of node. Please use setImmediate for recursive deferral.
(node) warning: Recursive process.nextTick detected. This will break in the next version of node. Please use setImmediate for recursive deferral.
(node) warning: Recursive process.nextTick detected. This will break in the next version of node. Please use setImmediate for recursive deferral.
(node) warning: Recursive process.nextTick detected. This will break in the next version of node. Please use setImmediate for recursive deferral.
(node) warning: Recursive process.nextTick detected. This will break in the next version of node. Please use setImmediate for recursive deferral.
(node) warning: Recursive process.nextTick detected. This will break in the next version of node. Please use setImmediate for recursive deferral.
(node) warning: Recursive process.nextTick detected. This will break in the next version of node. Please use setImmediate for recursive deferral.
(node) warning: Recursive process.nextTick detected. This will break in the next version of node. Please use setImmediate for recursive deferral.
(node) warning: Recursive process.nextTick detected. This will break in the next version of node. Please use setImmediate for recursive deferral.
(node) warning: Recursive process.nextTick detected. This will break in the next version of node. Please use setImmediate for recursive deferral.
(node) warning: Recursive process.nextTick detected. This will break in the next version of node. Please use setImmediate for recursive deferral.
(node) warning: Recursive process.nextTick detected. This will break in the next version of node. Please use setImmediate for recursive deferral.
(node) warning: Recursive process.nextTick detected. This will break in the next version of node. Please use setImmediate for recursive deferral.
(node) warning: Recursive process.nextTick detected. This will break in the next version of node. Please use setImmediate for recursive deferral.
(node) warning: Recursive process.nextTick detected. This will break in the next version of node. Please use setImmediate for recursive deferral.
(node) warning: Recursive process.nextTick detected. This will break in the next version of node. Please use setImmediate for recursive deferral.
(node) warning: Recursive process.nextTick detected. This will break in the next version of node. Please use setImmediate for recursive deferral.
(node) warning: Recursive process.nextTick detected. This will break in the next version of node. Please use setImmediate for recursive deferral.
(node) warning: Recursive process.nextTick detected. This will break in the next version of node. Please use setImmediate for recursive deferral.
(node) warning: Recursive process.nextTick detected. This will break in the next version of node. Please use setImmediate for recursive deferral.
(node) warning: Recursive process.nextTick detected. This will break in the next version of node. Please use setImmediate for recursive deferral.
(node) warning: Recursive process.nextTick detected. This will break in the next version of node. Please use setImmediate for recursive deferral.
(node) warning: Recursive process.nextTick detected. This will break in the next version of node. Please use setImmediate for recursive deferral.
(node) warning: Recursive process.nextTick detected. This will break in the next version of node. Please use setImmediate for recursive deferral.
(node) warning: Recursive process.nextTick detected. This will break in the next version of node. Please use setImmediate for recursive deferral.
(node) warning: Recursive process.nextTick detected. This will break in the next version of node. Please use setImmediate for recursive deferral.
(node) warning: Recursive process.nextTick detected. This will break in the next version of node. Please use setImmediate for recursive deferral.
(node) warning: Recursive process.nextTick detected. This will break in the next version of node. Please use setImmediate for recursive deferral.
(node) warning: Recursive process.nextTick detected. This will break in the next version of node. Please use setImmediate for recursive deferral.
(node) warning: Recursive process.nextTick detected. This will break in the next version of node. Please use setImmediate for recursive deferral.
(node) warning: Recursive process.nextTick detected. This will break in the next version of node. Please use setImmediate for recursive deferral.
(node) warning: Recursive process.nextTick detected. This will break in the next version of node. Please use setImmediate for recursive deferral.
(node) warning: Recursive process.nextTick detected. This will break in the next version of node. Please use setImmediate for recursive deferral.
(node) warning: Recursive process.nextTick detected. This will break in the next version of node. Please use setImmediate for recursive deferral.
(node) warning: Recursive process.nextTick detected. This will break in the next version of node. Please use setImmediate for recursive deferral.
(node) warning: Recursive process.nextTick detected. This will break in the next version of node. Please use setImmediate for recursive deferral.
(node) warning: Recursive process.nextTick detected. This will break in the next version of node. Please use setImmediate for recursive deferral.
(node) warning: Recursive process.nextTick detected. This will break in the next version of node. Please use setImmediate for recursive deferral.
(node) warning: Recursive process.nextTick detected. This will break in the next version of node. Please use setImmediate for recursive deferral.
(node) warning: Recursive process.nextTick detected. This will break in the next version of node. Please use setImmediate for recursive deferral.
(node) warning: Recursive process.nextTick detected. This will break in the next version of node. Please use setImmediate for recursive deferral.
(node) warning: Recursive process.nextTick detected. This will break in the next version of node. Please use setImmediate for recursive deferral.
(node) warning: Recursive process.nextTick detected. This will break in the next version of node. Please use setImmediate for recursive deferral.
(node) warning: Recursive process.nextTick detected. This will break in the next version of node. Please use setImmediate for recursive deferral.
(node) warning: Recursive process.nextTick detected. This will break in the next version of node. Please use setImmediate for recursive deferral.
(node) warning: Recursive process.nextTick detected. This will break in the next version of node. Please use setImmediate for recursive deferral.
(node) warning: Recursive process.nextTick detected. This will break in the next version of node. Please use setImmediate for recursive deferral.
(node) warning: Recursive process.nextTick detected. This will break in the next version of node. Please use setImmediate for recursive deferral.
(node) warning: Recursive process.nextTick detected. This will break in the next version of node. Please use setImmediate for recursive deferral.
(node) warning: Recursive process.nextTick detected. This will break in the next version of node. Please use setImmediate for recursive deferral.
(node) warning: Recursive process.nextTick detected. This will break in the next version of node. Please use setImmediate for recursive deferral.
(node) warning: Recursive process.nextTick detected. This will break in the next version of node. Please use setImmediate for recursive deferral.
(node) warning: Recursive process.nextTick detected. This will break in the next version of node. Please use setImmediate for recursive deferral.
(node) warning: Recursive process.nextTick detected. This will break in the next version of node. Please use setImmediate for recursive deferral.
(node) warning: Recursive process.nextTick detected. This will break in the next version of node. Please use setImmediate for recursive deferral.
(node) warning: Recursive process.nextTick detected. This will break in the next version of node. Please use setImmediate for recursive deferral.
(node) warning: Recursive process.nextTick detected. This will break in the next version of node. Please use setImmediate for recursive deferral.
(node) warning: Recursive process.nextTick detected. This will break in the next version of node. Please use setImmediate for recursive deferral.
(node) warning: Recursive process.nextTick detected. This will break in the next version of node. Please use setImmediate for recursive deferral.
(node) warning: Recursive process.nextTick detected. This will break in the next version of node. Please use setImmediate for recursive deferral.
(node) warning: Recursive process.nextTick detected. This will break in the next version of node. Please use setImmediate for recursive deferral.
(node) warning: Recursive process.nextTick detected. This will break in the next version of node. Please use setImmediate for recursive deferral.
(node) warning: Recursive process.nextTick detected. This will break in the next version of node. Please use setImmediate for recursive deferral.
(node) warning: Recursive process.nextTick detected. This will break in the next version of node. Please use setImmediate for recursive deferral.
(node) warning: Recursive process.nextTick detected. This will break in the next version of node. Please use setImmediate for recursive deferral.
(node) warning: Recursive process.nextTick detected. This will break in the next version of node. Please use setImmediate for recursive deferral.
(node) warning: Recursive process.nextTick detected. This will break in the next version of node. Please use setImmediate for recursive deferral.
(node) warning: Recursive process.nextTick detected. This will break in the next version of node. Please use setImmediate for recursive deferral.
(node) warning: Recursive process.nextTick detected. This will break in the next version of node. Please use setImmediate for recursive deferral.
(node) warning: Recursive process.nextTick detected. This will break in the next version of node. Please use setImmediate for recursive deferral.
(node) warning: Recursive process.nextTick detected. This will break in the next version of node. Please use setImmediate for recursive deferral.
(node) warning: Recursive process.nextTick detected. This will break in the next version of node. Please use setImmediate for recursive deferral.
(node) warning: Recursive process.nextTick detected. This will break in the next version of node. Please use setImmediate for recursive deferral.
(node) warning: Recursive process.nextTick detected. This will break in the next version of node. Please use setImmediate for recursive deferral.
(node) warning: Recursive process.nextTick detected. This will break in the next version of node. Please use setImmediate for recursive deferral.
(node) warning: Recursive process.nextTick detected. This will break in the next version of node. Please use setImmediate for recursive deferral.
(node) warning: Recursive process.nextTick detected. This will break in the next version of node. Please use setImmediate for recursive deferral.
(node) warning: Recursive process.nextTick detected. This will break in the next version of node. Please use setImmediate for recursive deferral.
(node) warning: Recursive process.nextTick detected. This will break in the next version of node. Please use setImmediate for recursive deferral.
(node) warning: Recursive process.nextTick detected. This will break in the next version of node. Please use setImmediate for recursive deferral.
(node) warning: Recursive process.nextTick detected. This will break in the next version of node. Please use setImmediate for recursive deferral.
(node) warning: Recursive process.nextTick detected. This will break in the next version of node. Please use setImmediate for recursive deferral.
(node) warning: Recursive process.nextTick detected. This will break in the next version of node. Please use setImmediate for recursive deferral.
(node) warning: Recursive process.nextTick detected. This will break in the next version of node. Please use setImmediate for recursive deferral.
(node) warning: Recursive process.nextTick detected. This will break in the next version of node. Please use setImmediate for recursive deferral.
(node) warning: Recursive process.nextTick detected. This will break in the next version of node. Please use setImmediate for recursive deferral.
(node) warning: Recursive process.nextTick detected. This will break in the next version of node. Please use setImmediate for recursive deferral.
(node) warning: Recursive process.nextTick detected. This will break in the next version of node. Please use setImmediate for recursive deferral.
(node) warning: Recursive process.nextTick detected. This will break in the next version of node. Please use setImmediate for recursive deferral.
(node) warning: Recursive process.nextTick detected. This will break in the next version of node. Please use setImmediate for recursive deferral.
(node) warning: Recursive process.nextTick detected. This will break in the next version of node. Please use setImmediate for recursive deferral.
(node) warning: Recursive process.nextTick detected. This will break in the next version of node. Please use setImmediate for recursive deferral.
(node) warning: Recursive process.nextTick detected. This will break in the next version of node. Please use setImmediate for recursive deferral.
(node) warning: Recursive process.nextTick detected. This will break in the next version of node. Please use setImmediate for recursive deferral.
(node) warning: Recursive process.nextTick detected. This will break in the next version of node. Please use setImmediate for recursive deferral.
(node) warning: Recursive process.nextTick detected. This will break in the next version of node. Please use setImmediate for recursive deferral.
(node) warning: Recursive process.nextTick detected. This will break in the next version of node. Please use setImmediate for recursive deferral.
(node) warning: Recursive process.nextTick detected. This will break in the next version of node. Please use setImmediate for recursive deferral.
(node) warning: Recursive process.nextTick detected. This will break in the next version of node. Please use setImmediate for recursive deferral.
(node) warning: Recursive process.nextTick detected. This will break in the next version of node. Please use setImmediate for recursive deferral.
(node) warning: Recursive process.nextTick detected. This will break in the next version of node. Please use setImmediate for recursive deferral.
(node) warning: Recursive process.nextTick detected. This will break in the next version of node. Please use setImmediate for recursive deferral.
(node) warning: Recursive process.nextTick detected. This will break in the next version of node. Please use setImmediate for recursive deferral.
(node) warning: Recursive process.nextTick detected. This will break in the next version of node. Please use setImmediate for recursive deferral.
(node) warning: Recursive process.nextTick detected. This will break in the next version of node. Please use setImmediate for recursive deferral.
(node) warning: Recursive process.nextTick detected. This will break in the next version of node. Please use setImmediate for recursive deferral.
(node) warning: Recursive process.nextTick detected. This will break in the next version of node. Please use setImmediate for recursive deferral.
(node) warning: Recursive process.nextTick detected. This will break in the next version of node. Please use setImmediate for recursive deferral.
(node) warning: Recursive process.nextTick detected. This will break in the next version of node. Please use setImmediate for recursive deferral.
(node) warning: Recursive process.nextTick detected. This will break in the next version of node. Please use setImmediate for recursive deferral.
(node) warning: Recursive process.nextTick detected. This will break in the next version of node. Please use setImmediate for recursive deferral.
(node) warning: Recursive process.nextTick detected. This will break in the next version of node. Please use setImmediate for recursive deferral.
(node) warning: Recursive process.nextTick detected. This will break in the next version of node. Please use setImmediate for recursive deferral.
(node) warning: Recursive process.nextTick detected. This will break in the next version of node. Please use setImmediate for recursive deferral.
(node) warning: Recursive process.nextTick detected. This will break in the next version of node. Please use setImmediate for recursive deferral.
(node) warning: Recursive process.nextTick detected. This will break in the next version of node. Please use setImmediate for recursive deferral.
(node) warning: Recursive process.nextTick detected. This will break in the next version of node. Please use setImmediate for recursive deferral.
(node) warning: Recursive process.nextTick detected. This will break in the next version of node. Please use setImmediate for recursive deferral.
(node) warning: Recursive process.nextTick detected. This will break in the next version of node. Please use setImmediate for recursive deferral.
(node) warning: Recursive process.nextTick detected. This will break in the next version of node. Please use setImmediate for recursive deferral.
(node) warning: Recursive process.nextTick detected. This will break in the next version of node. Please use setImmediate for recursive deferral.
(node) warning: Recursive process.nextTick detected. This will break in the next version of node. Please use setImmediate for recursive deferral.
(node) warning: Recursive process.nextTick detected. This will break in the next version of node. Please use setImmediate for recursive deferral.
(node) warning: Recursive process.nextTick detected. This will break in the next version of node. Please use setImmediate for recursive deferral.
(node) warning: Recursive process.nextTick detected. This will break in the next version of node. Please use setImmediate for recursive deferral.
(node) warning: Recursive process.nextTick detected. This will break in the next version of node. Please use setImmediate for recursive deferral.
(node) warning: Recursive process.nextTick detected. This will break in the next version of node. Please use setImmediate for recursive deferral.
(node) warning: Recursive process.nextTick detected. This will break in the next version of node. Please use setImmediate for recursive deferral.
(node) warning: Recursive process.nextTick detected. This will break in the next version of node. Please use setImmediate for recursive deferral.
(node) warning: Recursive process.nextTick detected. This will break in the next version of node. Please use setImmediate for recursive deferral.
(node) warning: Recursive process.nextTick detected. This will break in the next version of node. Please use setImmediate for recursive deferral.
(node) warning: Recursive process.nextTick detected. This will break in the next version of node. Please use setImmediate for recursive deferral.
(node) warning: Recursive process.nextTick detected. This will break in the next version of node. Please use setImmediate for recursive deferral.
(node) warning: Recursive process.nextTick detected. This will break in the next version of node. Please use setImmediate for recursive deferral.
(node) warning: Recursive process.nextTick detected. This will break in the next version of node. Please use setImmediate for recursive deferral.
(node) warning: Recursive process.nextTick detected. This will break in the next version of node. Please use setImmediate for recursive deferral.
(node) warning: Recursive process.nextTick detected. This will break in the next version of node. Please use setImmediate for recursive deferral.
(node) warning: Recursive process.nextTick detected. This will break in the next version of node. Please use setImmediate for recursive deferral.
(node) warning: Recursive process.nextTick detected. This will break in the next version of node. Please use setImmediate for recursive deferral.
(node) warning: Recursive process.nextTick detected. This will break in the next version of node. Please use setImmediate for recursive deferral.
(node) warning: Recursive process.nextTick detected. This will break in the next version of node. Please use setImmediate for recursive deferral.
(node) warning: Recursive process.nextTick detected. This will break in the next version of node. Please use setImmediate for recursive deferral.
(node) warning: Recursive process.nextTick detected. This will break in the next version of node. Please use setImmediate for recursive deferral.
(node) warning: Recursive process.nextTick detected. This will break in the next version of node. Please use setImmediate for recursive deferral.
(node) warning: Recursive process.nextTick detected. This will break in the next version of node. Please use setImmediate for recursive deferral.
(node) warning: Recursive process.nextTick detected. This will break in the next version of node. Please use setImmediate for recursive deferral.
(node) warning: Recursive process.nextTick detected. This will break in the next version of node. Please use setImmediate for recursive deferral.
(node) warning: Recursive process.nextTick detected. This will break in the next version of node. Please use setImmediate for recursive deferral.
(node) warning: Recursive process.nextTick detected. This will break in the next version of node. Please use setImmediate for recursive deferral.
(node) warning: Recursive process.nextTick detected. This will break in the next version of node. Please use setImmediate for recursive deferral.
(node) warning: Recursive process.nextTick detected. This will break in the next version of node. Please use setImmediate for recursive deferral.
(node) warning: Recursive process.nextTick detected. This will break in the next version of node. Please use setImmediate for recursive deferral.
(node) warning: Recursive process.nextTick detected. This will break in the next version of node. Please use setImmediate for recursive deferral.
(node) warning: Recursive process.nextTick detected. This will break in the next version of node. Please use setImmediate for recursive deferral.
(node) warning: Recursive process.nextTick detected. This will break in the next version of node. Please use setImmediate for recursive deferral.
(node) warning: Recursive process.nextTick detected. This will break in the next version of node. Please use setImmediate for recursive deferral.
(node) warning: Recursive process.nextTick detected. This will break in the next version of node. Please use setImmediate for recursive deferral.
(node) warning: Recursive process.nextTick detected. This will break in the next version of node. Please use setImmediate for recursive deferral.
(node) warning: Recursive process.nextTick detected. This will break in the next version of node. Please use setImmediate for recursive deferral.
(node) warning: Recursive process.nextTick detected. This will break in the next version of node. Please use setImmediate for recursive deferral.
(node) warning: Recursive process.nextTick detected. This will break in the next version of node. Please use setImmediate for recursive deferral.
(node) warning: Recursive process.nextTick detected. This will break in the next version of node. Please use setImmediate for recursive deferral.
(node) warning: Recursive process.nextTick detected. This will break in the next version of node. Please use setImmediate for recursive deferral.
(node) warning: Recursive process.nextTick detected. This will break in the next version of node. Please use setImmediate for recursive deferral.
(node) warning: Recursive process.nextTick detected. This will break in the next version of node. Please use setImmediate for recursive deferral.
(node) warning: Recursive process.nextTick detected. This will break in the next version of node. Please use setImmediate for recursive deferral.
(node) warning: Recursive process.nextTick detected. This will break in the next version of node. Please use setImmediate for recursive deferral.
(node) warning: Recursive process.nextTick detected. This will break in the next version of node. Please use setImmediate for recursive deferral.
(node) warning: Recursive process.nextTick detected. This will break in the next version of node. Please use setImmediate for recursive deferral.
(node) warning: Recursive process.nextTick detected. This will break in the next version of node. Please use setImmediate for recursive deferral.
(node) warning: Recursive process.nextTick detected. This will break in the next version of node. Please use setImmediate for recursive deferral.
(node) warning: Recursive process.nextTick detected. This will break in the next version of node. Please use setImmediate for recursive deferral.
(node) warning: Recursive process.nextTick detected. This will break in the next version of node. Please use setImmediate for recursive deferral.
(node) warning: Recursive process.nextTick detected. This will break in the next version of node. Please use setImmediate for recursive deferral.
(node) warning: Recursive process.nextTick detected. This will break in the next version of node. Please use setImmediate for recursive deferral.
(node) warning: Recursive process.nextTick detected. This will break in the next version of node. Please use setImmediate for recursive deferral.
(node) warning: Recursive process.nextTick detected. This will break in the next version of node. Please use setImmediate for recursive deferral.
(node) warning: Recursive process.nextTick detected. This will break in the next version of node. Please use setImmediate for recursive deferral.
(node) warning: Recursive process.nextTick detected. This will break in the next version of node. Please use setImmediate for recursive deferral.
(node) warning: Recursive process.nextTick detected. This will break in the next version of node. Please use setImmediate for recursive deferral.
(node) warning: Recursive process.nextTick detected. This will break in the next version of node. Please use setImmediate for recursive deferral.
(node) warning: Recursive process.nextTick detected. This will break in the next version of node. Please use setImmediate for recursive deferral.
(node) warning: Recursive process.nextTick detected. This will break in the next version of node. Please use setImmediate for recursive deferral.
(node) warning: Recursive process.nextTick detected. This will break in the next version of node. Please use setImmediate for recursive deferral.
(node) warning: Recursive process.nextTick detected. This will break in the next version of node. Please use setImmediate for recursive deferral.
(node) warning: Recursive process.nextTick detected. This will break in the next version of node. Please use setImmediate for recursive deferral.
(node) warning: Recursive process.nextTick detected. This will break in the next version of node. Please use setImmediate for recursive deferral.
(node) warning: Recursive process.nextTick detected. This will break in the next version of node. Please use setImmediate for recursive deferral.
(node) warning: Recursive process.nextTick detected. This will break in the next version of node. Please use setImmediate for recursive deferral.
(node) warning: Recursive process.nextTick detected. This will break in the next version of node. Please use setImmediate for recursive deferral.
(node) warning: Recursive process.nextTick detected. This will break in the next version of node. Please use setImmediate for recursive deferral.
(node) warning: Recursive process.nextTick detected. This will break in the next version of node. Please use setImmediate for recursive deferral.
(node) warning: Recursive process.nextTick detected. This will break in the next version of node. Please use setImmediate for recursive deferral.
(node) warning: Recursive process.nextTick detected. This will break in the next version of node. Please use setImmediate for recursive deferral.
(node) warning: Recursive process.nextTick detected. This will break in the next version of node. Please use setImmediate for recursive deferral.
(node) warning: Recursive process.nextTick detected. This will break in the next version of node. Please use setImmediate for recursive deferral.
(node) warning: Recursive process.nextTick detected. This will break in the next version of node. Please use setImmediate for recursive deferral.
(node) warning: Recursive process.nextTick detected. This will break in the next version of node. Please use setImmediate for recursive deferral.
(node) warning: Recursive process.nextTick detected. This will break in the next version of node. Please use setImmediate for recursive deferral.
(node) warning: Recursive process.nextTick detected. This will break in the next version of node. Please use setImmediate for recursive deferral.
(node) warning: Recursive process.nextTick detected. This will break in the next version of node. Please use setImmediate for recursive deferral.
(node) warning: Recursive process.nextTick detected. This will break in the next version of node. Please use setImmediate for recursive deferral.
(node) warning: Recursive process.nextTick detected. This will break in the next version of node. Please use setImmediate for recursive deferral.
(node) warning: Recursive process.nextTick detected. This will break in the next version of node. Please use setImmediate for recursive deferral.
(node) warning: Recursive process.nextTick detected. This will break in the next version of node. Please use setImmediate for recursive deferral.
(node) warning: Recursive process.nextTick detected. This will break in the next version of node. Please use setImmediate for recursive deferral.
(node) warning: Recursive process.nextTick detected. This will break in the next version of node. Please use setImmediate for recursive deferral.
(node) warning: Recursive process.nextTick detected. This will break in the next version of node. Please use setImmediate for recursive deferral.
(node) warning: Recursive process.nextTick detected. This will break in the next version of node. Please use setImmediate for recursive deferral.
(node) warning: Recursive process.nextTick detected. This will break in the next version of node. Please use setImmediate for recursive deferral.
(node) warning: Recursive process.nextTick detected. This will break in the next version of node. Please use setImmediate for recursive deferral.
(node) warning: Recursive process.nextTick detected. This will break in the next version of node. Please use setImmediate for recursive deferral.
(node) warning: Recursive process.nextTick detected. This will break in the next version of node. Please use setImmediate for recursive deferral.
(node) warning: Recursive process.nextTick detected. This will break in the next version of node. Please use setImmediate for recursive deferral.
(node) warning: Recursive process.nextTick detected. This will break in the next version of node. Please use setImmediate for recursive deferral.
(node) warning: Recursive process.nextTick detected. This will break in the next version of node. Please use setImmediate for recursive deferral.
(node) warning: Recursive process.nextTick detected. This will break in the next version of node. Please use setImmediate for recursive deferral.
(node) warning: Recursive process.nextTick detected. This will break in the next version of node. Please use setImmediate for recursive deferral.
(node) warning: Recursive process.nextTick detected. This will break in the next version of node. Please use setImmediate for recursive deferral.
(node) warning: Recursive process.nextTick detected. This will break in the next version of node. Please use setImmediate for recursive deferral.
(node) warning: Recursive process.nextTick detected. This will break in the next version of node. Please use setImmediate for recursive deferral.
(node) warning: Recursive process.nextTick detected. This will break in the next version of node. Please use setImmediate for recursive deferral.
(node) warning: Recursive process.nextTick detected. This will break in the next version of node. Please use setImmediate for recursive deferral.
(node) warning: Recursive process.nextTick detected. This will break in the next version of node. Please use setImmediate for recursive deferral.
(node) warning: Recursive process.nextTick detected. This will break in the next version of node. Please use setImmediate for recursive deferral.
(node) warning: Recursive process.nextTick detected. This will break in the next version of node. Please use setImmediate for recursive deferral.
(node) warning: Recursive process.nextTick detected. This will break in the next version of node. Please use setImmediate for recursive deferral.
(node) warning: Recursive process.nextTick detected. This will break in the next version of node. Please use setImmediate for recursive deferral.
(node) warning: Recursive process.nextTick detected. This will break in the next version of node. Please use setImmediate for recursive deferral.
(node) warning: Recursive process.nextTick detected. This will break in the next version of node. Please use setImmediate for recursive deferral.
(node) warning: Recursive process.nextTick detected. This will break in the next version of node. Please use setImmediate for recursive deferral.
(node) warning: Recursive process.nextTick detected. This will break in the next version of node. Please use setImmediate for recursive deferral.
(node) warning: Recursive process.nextTick detected. This will break in the next version of node. Please use setImmediate for recursive deferral.
(node) warning: Recursive process.nextTick detected. This will break in the next version of node. Please use setImmediate for recursive deferral.
(node) warning: Recursive process.nextTick detected. This will break in the next version of node. Please use setImmediate for recursive deferral.
(node) warning: Recursive process.nextTick detected. This will break in the next version of node. Please use setImmediate for recursive deferral.
(node) warning: Recursive process.nextTick detected. This will break in the next version of node. Please use setImmediate for recursive deferral.
(node) warning: Recursive process.nextTick detected. This will break in the next version of node. Please use setImmediate for recursive deferral.
(node) warning: Recursive process.nextTick detected. This will break in the next version of node. Please use setImmediate for recursive deferral.
(node) warning: Recursive process.nextTick detected. This will break in the next version of node. Please use setImmediate for recursive deferral.
(node) warning: Recursive process.nextTick detected. This will break in the next version of node. Please use setImmediate for recursive deferral.
(node) warning: Recursive process.nextTick detected. This will break in the next version of node. Please use setImmediate for recursive deferral.
(node) warning: Recursive process.nextTick detected. This will break in the next version of node. Please use setImmediate for recursive deferral.
(node) warning: Recursive process.nextTick detected. This will break in the next version of node. Please use setImmediate for recursive deferral.
(node) warning: Recursive process.nextTick detected. This will break in the next version of node. Please use setImmediate for recursive deferral.
(node) warning: Recursive process.nextTick detected. This will break in the next version of node. Please use setImmediate for recursive deferral.
(node) warning: Recursive process.nextTick detected. This will break in the next version of node. Please use setImmediate for recursive deferral.
(node) warning: Recursive process.nextTick detected. This will break in the next version of node. Please use setImmediate for recursive deferral.
(node) warning: Recursive process.nextTick detected. This will break in the next version of node. Please use setImmediate for recursive deferral.
(node) warning: Recursive process.nextTick detected. This will break in the next version of node. Please use setImmediate for recursive deferral.
(node) warning: Recursive process.nextTick detected. This will break in the next version of node. Please use setImmediate for recursive deferral.
(node) warning: Recursive process.nextTick detected. This will break in the next version of node. Please use setImmediate for recursive deferral.
(node) warning: Recursive process.nextTick detected. This will break in the next version of node. Please use setImmediate for recursive deferral.
(node) warning: Recursive process.nextTick detected. This will break in the next version of node. Please use setImmediate for recursive deferral.
(node) warning: Recursive process.nextTick detected. This will break in the next version of node. Please use setImmediate for recursive deferral.
(node) warning: Recursive process.nextTick detected. This will break in the next version of node. Please use setImmediate for recursive deferral.
(node) warning: Recursive process.nextTick detected. This will break in the next version of node. Please use setImmediate for recursive deferral.
(node) warning: Recursive process.nextTick detected. This will break in the next version of node. Please use setImmediate for recursive deferral.
(node) warning: Recursive process.nextTick detected. This will break in the next version of node. Please use setImmediate for recursive deferral.
(node) warning: Recursive process.nextTick detected. This will break in the next version of node. Please use setImmediate for recursive deferral.
(node) warning: Recursive process.nextTick detected. This will break in the next version of node. Please use setImmediate for recursive deferral.
(node) warning: Recursive process.nextTick detected. This will break in the next version of node. Please use setImmediate for recursive deferral.
(node) warning: Recursive process.nextTick detected. This will break in the next version of node. Please use setImmediate for recursive deferral.
(node) warning: Recursive process.nextTick detected. This will break in the next version of node. Please use setImmediate for recursive deferral.
(node) warning: Recursive process.nextTick detected. This will break in the next version of node. Please use setImmediate for recursive deferral.
(node) warning: Recursive process.nextTick detected. This will break in the next version of node. Please use setImmediate for recursive deferral.
(node) warning: Recursive process.nextTick detected. This will break in the next version of node. Please use setImmediate for recursive deferral.
(node) warning: Recursive process.nextTick detected. This will break in the next version of node. Please use setImmediate for recursive deferral.
(node) warning: Recursive process.nextTick detected. This will break in the next version of node. Please use setImmediate for recursive deferral.
(node) warning: Recursive process.nextTick detected. This will break in the next version of node. Please use setImmediate for recursive deferral.
(node) warning: Recursive process.nextTick detected. This will break in the next version of node. Please use setImmediate for recursive deferral.
(node) warning: Recursive process.nextTick detected. This will break in the next version of node. Please use setImmediate for recursive deferral.
(node) warning: Recursive process.nextTick detected. This will break in the next version of node. Please use setImmediate for recursive deferral.
(node) warning: Recursive process.nextTick detected. This will break in the next version of node. Please use setImmediate for recursive deferral.
(node) warning: Recursive process.nextTick detected. This will break in the next version of node. Please use setImmediate for recursive deferral.
(node) warning: Recursive process.nextTick detected. This will break in the next version of node. Please use setImmediate for recursive deferral.
(node) warning: Recursive process.nextTick detected. This will break in the next version of node. Please use setImmediate for recursive deferral.
(node) warning: Recursive process.nextTick detected. This will break in the next version of node. Please use setImmediate for recursive deferral.
(node) warning: Recursive process.nextTick detected. This will break in the next version of node. Please use setImmediate for recursive deferral.
(node) warning: Recursive process.nextTick detected. This will break in the next version of node. Please use setImmediate for recursive deferral.
(node) warning: Recursive process.nextTick detected. This will break in the next version of node. Please use setImmediate for recursive deferral.
(node) warning: Recursive process.nextTick detected. This will break in the next version of node. Please use setImmediate for recursive deferral.
(node) warning: Recursive process.nextTick detected. This will break in the next version of node. Please use setImmediate for recursive deferral.
(node) warning: Recursive process.nextTick detected. This will break in the next version of node. Please use setImmediate for recursive deferral.
(node) warning: Recursive process.nextTick detected. This will break in the next version of node. Please use setImmediate for recursive deferral.
(node) warning: Recursive process.nextTick detected. This will break in the next version of node. Please use setImmediate for recursive deferral.
(node) warning: Recursive process.nextTick detected. This will break in the next version of node. Please use setImmediate for recursive deferral.
(node) warning: Recursive process.nextTick detected. This will break in the next version of node. Please use setImmediate for recursive deferral.
(node) warning: Recursive process.nextTick detected. This will break in the next version of node. Please use setImmediate for recursive deferral.
(node) warning: Recursive process.nextTick detected. This will break in the next version of node. Please use setImmediate for recursive deferral.
(node) warning: Recursive process.nextTick detected. This will break in the next version of node. Please use setImmediate for recursive deferral.
(node) warning: Recursive process.nextTick detected. This will break in the next version of node. Please use setImmediate for recursive deferral.
(node) warning: Recursive process.nextTick detected. This will break in the next version of node. Please use setImmediate for recursive deferral.
(node) warning: Recursive process.nextTick detected. This will break in the next version of node. Please use setImmediate for recursive deferral.
(node) warning: Recursive process.nextTick detected. This will break in the next version of node. Please use setImmediate for recursive deferral.
(node) warning: Recursive process.nextTick detected. This will break in the next version of node. Please use setImmediate for recursive deferral.
(node) warning: Recursive process.nextTick detected. This will break in the next version of node. Please use setImmediate for recursive deferral.
(node) warning: Recursive process.nextTick detected. This will break in the next version of node. Please use setImmediate for recursive deferral.
(node) warning: Recursive process.nextTick detected. This will break in the next version of node. Please use setImmediate for recursive deferral.
(node) warning: Recursive process.nextTick detected. This will break in the next version of node. Please use setImmediate for recursive deferral.
(node) warning: Recursive process.nextTick detected. This will break in the next version of node. Please use setImmediate for recursive deferral.
(node) warning: Recursive process.nextTick detected. This will break in the next version of node. Please use setImmediate for recursive deferral.
(node) warning: Recursive process.nextTick detected. This will break in the next version of node. Please use setImmediate for recursive deferral.
(node) warning: Recursive process.nextTick detected. This will break in the next version of node. Please use setImmediate for recursive deferral.
(node) warning: Recursive process.nextTick detected. This will break in the next version of node. Please use setImmediate for recursive deferral.
(node) warning: Recursive process.nextTick detected. This will break in the next version of node. Please use setImmediate for recursive deferral.
(node) warning: Recursive process.nextTick detected. This will break in the next version of node. Please use setImmediate for recursive deferral.
(node) warning: Recursive process.nextTick detected. This will break in the next version of node. Please use setImmediate for recursive deferral.
(node) warning: Recursive process.nextTick detected. This will break in the next version of node. Please use setImmediate for recursive deferral.
(node) warning: Recursive process.nextTick detected. This will break in the next version of node. Please use setImmediate for recursive deferral.
(node) warning: Recursive process.nextTick detected. This will break in the next version of node. Please use setImmediate for recursive deferral.
(node) warning: Recursive process.nextTick detected. This will break in the next version of node. Please use setImmediate for recursive deferral.
(node) warning: Recursive process.nextTick detected. This will break in the next version of node. Please use setImmediate for recursive deferral.
(node) warning: Recursive process.nextTick detected. This will break in the next version of node. Please use setImmediate for recursive deferral.
(node) warning: Recursive process.nextTick detected. This will break in the next version of node. Please use setImmediate for recursive deferral.
(node) warning: Recursive process.nextTick detected. This will break in the next version of node. Please use setImmediate for recursive deferral.
(node) warning: Recursive process.nextTick detected. This will break in the next version of node. Please use setImmediate for recursive deferral.
(node) warning: Recursive process.nextTick detected. This will break in the next version of node. Please use setImmediate for recursive deferral.
(node) warning: Recursive process.nextTick detected. This will break in the next version of node. Please use setImmediate for recursive deferral.
(node) warning: Recursive process.nextTick detected. This will break in the next version of node. Please use setImmediate for recursive deferral.
(node) warning: Recursive process.nextTick detected. This will break in the next version of node. Please use setImmediate for recursive deferral.
(node) warning: Recursive process.nextTick detected. This will break in the next version of node. Please use setImmediate for recursive deferral.
(node) warning: Recursive process.nextTick detected. This will break in the next version of node. Please use setImmediate for recursive deferral.
(node) warning: Recursive process.nextTick detected. This will break in the next version of node. Please use setImmediate for recursive deferral.
(node) warning: Recursive process.nextTick detected. This will break in the next version of node. Please use setImmediate for recursive deferral.
(node) warning: Recursive process.nextTick detected. This will break in the next version of node. Please use setImmediate for recursive deferral.
(node) warning: Recursive process.nextTick detected. This will break in the next version of node. Please use setImmediate for recursive deferral.
(node) warning: Recursive process.nextTick detected. This will break in the next version of node. Please use setImmediate for recursive deferral.
(node) warning: Recursive process.nextTick detected. This will break in the next version of node. Please use setImmediate for recursive deferral.
(node) warning: Recursive process.nextTick detected. This will break in the next version of node. Please use setImmediate for recursive deferral.
(node) warning: Recursive process.nextTick detected. This will break in the next version of node. Please use setImmediate for recursive deferral.
(node) warning: Recursive process.nextTick detected. This will break in the next version of node. Please use setImmediate for recursive deferral.
(node) warning: Recursive process.nextTick detected. This will break in the next version of node. Please use setImmediate for recursive deferral.
(node) warning: Recursive process.nextTick detected. This will break in the next version of node. Please use setImmediate for recursive deferral.
(node) warning: Recursive process.nextTick detected. This will break in the next version of node. Please use setImmediate for recursive deferral.
(node) warning: Recursive process.nextTick detected. This will break in the next version of node. Please use setImmediate for recursive deferral.
(node) warning: Recursive process.nextTick detected. This will break in the next version of node. Please use setImmediate for recursive deferral.
(node) warning: Recursive process.nextTick detected. This will break in the next version of node. Please use setImmediate for recursive deferral.
(node) warning: Recursive process.nextTick detected. This will break in the next version of node. Please use setImmediate for recursive deferral.
(node) warning: Recursive process.nextTick detected. This will break in the next version of node. Please use setImmediate for recursive deferral.
(node) warning: Recursive process.nextTick detected. This will break in the next version of node. Please use setImmediate for recursive deferral.
(node) warning: Recursive process.nextTick detected. This will break in the next version of node. Please use setImmediate for recursive deferral.
(node) warning: Recursive process.nextTick detected. This will break in the next version of node. Please use setImmediate for recursive deferral.
(node) warning: Recursive process.nextTick detected. This will break in the next version of node. Please use setImmediate for recursive deferral.
(node) warning: Recursive process.nextTick detected. This will break in the next version of node. Please use setImmediate for recursive deferral.
(node) warning: Recursive process.nextTick detected. This will break in the next version of node. Please use setImmediate for recursive deferral.
(node) warning: Recursive process.nextTick detected. This will break in the next version of node. Please use setImmediate for recursive deferral.
(node) warning: Recursive process.nextTick detected. This will break in the next version of node. Please use setImmediate for recursive deferral.
(node) warning: Recursive process.nextTick detected. This will break in the next version of node. Please use setImmediate for recursive deferral.
(node) warning: Recursive process.nextTick detected. This will break in the next version of node. Please use setImmediate for recursive deferral.
(node) warning: Recursive process.nextTick detected. This will break in the next version of node. Please use setImmediate for recursive deferral.
(node) warning: Recursive process.nextTick detected. This will break in the next version of node. Please use setImmediate for recursive deferral.
(node) warning: Recursive process.nextTick detected. This will break in the next version of node. Please use setImmediate for recursive deferral.
(node) warning: Recursive process.nextTick detected. This will break in the next version of node. Please use setImmediate for recursive deferral.
(node) warning: Recursive process.nextTick detected. This will break in the next version of node. Please use setImmediate for recursive deferral.
(node) warning: Recursive process.nextTick detected. This will break in the next version of node. Please use setImmediate for recursive deferral.
(node) warning: Recursive process.nextTick detected. This will break in the next version of node. Please use setImmediate for recursive deferral.
(node) warning: Recursive process.nextTick detected. This will break in the next version of node. Please use setImmediate for recursive deferral.
(node) warning: Recursive process.nextTick detected. This will break in the next version of node. Please use setImmediate for recursive deferral.
(node) warning: Recursive process.nextTick detected. This will break in the next version of node. Please use setImmediate for recursive deferral.
(node) warning: Recursive process.nextTick detected. This will break in the next version of node. Please use setImmediate for recursive deferral.
(node) warning: Recursive process.nextTick detected. This will break in the next version of node. Please use setImmediate for recursive deferral.
(node) warning: Recursive process.nextTick detected. This will break in the next version of node. Please use setImmediate for recursive deferral.
(node) warning: Recursive process.nextTick detected. This will break in the next version of node. Please use setImmediate for recursive deferral.
(node) warning: Recursive process.nextTick detected. This will break in the next version of node. Please use setImmediate for recursive deferral.
(node) warning: Recursive process.nextTick detected. This will break in the next version of node. Please use setImmediate for recursive deferral.
(node) warning: Recursive process.nextTick detected. This will break in the next version of node. Please use setImmediate for recursive deferral.
(node) warning: Recursive process.nextTick detected. This will break in the next version of node. Please use setImmediate for recursive deferral.
(node) warning: Recursive process.nextTick detected. This will break in the next version of node. Please use setImmediate for recursive deferral.
(node) warning: Recursive process.nextTick detected. This will break in the next version of node. Please use setImmediate for recursive deferral.
(node) warning: Recursive process.nextTick detected. This will break in the next version of node. Please use setImmediate for recursive deferral.
(node) warning: Recursive process.nextTick detected. This will break in the next version of node. Please use setImmediate for recursive deferral.
(node) warning: Recursive process.nextTick detected. This will break in the next version of node. Please use setImmediate for recursive deferral.
(node) warning: Recursive process.nextTick detected. This will break in the next version of node. Please use setImmediate for recursive deferral.
(node) warning: Recursive process.nextTick detected. This will break in the next version of node. Please use setImmediate for recursive deferral.
(node) warning: Recursive process.nextTick detected. This will break in the next version of node. Please use setImmediate for recursive deferral.
(node) warning: Recursive process.nextTick detected. This will break in the next version of node. Please use setImmediate for recursive deferral.
(node) warning: Recursive process.nextTick detected. This will break in the next version of node. Please use setImmediate for recursive deferral.
(node) warning: Recursive process.nextTick detected. This will break in the next version of node. Please use setImmediate for recursive deferral.
(node) warning: Recursive process.nextTick detected. This will break in the next version of node. Please use setImmediate for recursive deferral.
(node) warning: Recursive process.nextTick detected. This will break in the next version of node. Please use setImmediate for recursive deferral.
(node) warning: Recursive process.nextTick detected. This will break in the next version of node. Please use setImmediate for recursive deferral.
(node) warning: Recursive process.nextTick detected. This will break in the next version of node. Please use setImmediate for recursive deferral.
(node) warning: Recursive process.nextTick detected. This will break in the next version of node. Please use setImmediate for recursive deferral.
(node) warning: Recursive process.nextTick detected. This will break in the next version of node. Please use setImmediate for recursive deferral.
(node) warning: Recursive process.nextTick detected. This will break in the next version of node. Please use setImmediate for recursive deferral.
(node) warning: Recursive process.nextTick detected. This will break in the next version of node. Please use setImmediate for recursive deferral.
(node) warning: Recursive process.nextTick detected. This will break in the next version of node. Please use setImmediate for recursive deferral.
(node) warning: Recursive process.nextTick detected. This will break in the next version of node. Please use setImmediate for recursive deferral.
(node) warning: Recursive process.nextTick detected. This will break in the next version of node. Please use setImmediate for recursive deferral.
(node) warning: Recursive process.nextTick detected. This will break in the next version of node. Please use setImmediate for recursive deferral.
(node) warning: Recursive process.nextTick detected. This will break in the next version of node. Please use setImmediate for recursive deferral.
(node) warning: Recursive process.nextTick detected. This will break in the next version of node. Please use setImmediate for recursive deferral.
(node) warning: Recursive process.nextTick detected. This will break in the next version of node. Please use setImmediate for recursive deferral.
(node) warning: Recursive process.nextTick detected. This will break in the next version of node. Please use setImmediate for recursive deferral.
(node) warning: Recursive process.nextTick detected. This will break in the next version of node. Please use setImmediate for recursive deferral.
(node) warning: Recursive process.nextTick detected. This will break in the next version of node. Please use setImmediate for recursive deferral.
(node) warning: Recursive process.nextTick detected. This will break in the next version of node. Please use setImmediate for recursive deferral.
(node) warning: Recursive process.nextTick detected. This will break in the next version of node. Please use setImmediate for recursive deferral.
(node) warning: Recursive process.nextTick detected. This will break in the next version of node. Please use setImmediate for recursive deferral.
(node) warning: Recursive process.nextTick detected. This will break in the next version of node. Please use setImmediate for recursive deferral.
(node) warning: Recursive process.nextTick detected. This will break in the next version of node. Please use setImmediate for recursive deferral.
(node) warning: Recursive process.nextTick detected. This will break in the next version of node. Please use setImmediate for recursive deferral.
(node) warning: Recursive process.nextTick detected. This will break in the next version of node. Please use setImmediate for recursive deferral.
(node) warning: Recursive process.nextTick detected. This will break in the next version of node. Please use setImmediate for recursive deferral.
(node) warning: Recursive process.nextTick detected. This will break in the next version of node. Please use setImmediate for recursive deferral.
(node) warning: Recursive process.nextTick detected. This will break in the next version of node. Please use setImmediate for recursive deferral.
(node) warning: Recursive process.nextTick detected. This will break in the next version of node. Please use setImmediate for recursive deferral.
(node) warning: Recursive process.nextTick detected. This will break in the next version of node. Please use setImmedi